<?xml version="1.0" encoding="UTF-8"?>
<testsuite xmlns:xsi="http://www.w3.org/2001/XMLSchema-instance" xsi:noNamespaceSchemaLocation="https://maven.apache.org/surefire/maven-surefire-plugin/xsd/surefire-test-report.xsd" name="com.utn.eclipse.maven.ProyectoSimpleMaven.AppTest" time="0.015" tests="1" errors="0" skipped="0" failures="0">
  <properties>
    <property name="user.variant" value=""/>
    <property name="java.vm.info" value="mixed mode, sharing"/>
    <property name="file.encoding.pkg" value="sun.io"/>
    <property name="file.encoding" value="Cp1252"/>
    <property name="java.specification.name" value="Java Platform API Specification"/>
    <property name="sun.os.patch.level" value=""/>
    <property name="user.dir" value="C:\Users\Pablo\workspace\ProyectoSimpleMaven"/>
    <property name="line.separator" value="&#10;"/>
    <property name="java.home" value="C:\Program Files (x86)\Java\jdk1.7.0_21\jre"/>
    <property name="user.name" value="Pablo"/>
    <property name="sun.boot.library.path" value="C:\Program Files (x86)\Java\jdk1.7.0_21\jre\bin"/>
    <property name="user.home" value="C:\Users\Pablo"/>
    <property name="localRepository" value="C:\Users\Pablo\.m2\repository"/>
    <property name="sun.java.launcher" value="SUN_STANDARD"/>
    <property name="java.class.version" value="51.0"/>
    <property name="user.language" value="es"/>
    <property name="java.vendor.url.bug" value="http://bugreport.sun.com/bugreport/"/>
    <property name="sun.jnu.encoding" value="Cp1252"/>
    <property name="java.io.tmpdir" value="C:\Users\Pablo\AppData\Local\Temp\"/>
    <property name="java.specification.vendor" value="Oracle Corporation"/>
    <property name="file.separator" value="\"/>
    <property name="java.class.path" value="C:\Users\Pablo\workspace\ProyectoSimpleMaven\target\test-classes;C:\Users\Pablo\workspace\ProyectoSimpleMaven\target\classes;C:\Users\Pablo\.m2\repository\junit\junit\4.11\junit-4.11.jar;C:\Users\Pablo\.m2\repository\org\hamcrest\hamcrest-core\1.3\hamcrest-core-1.3.jar;"/>
    <property name="java.vm.vendor" value="Oracle Corporation"/>
    <property name="sun.cpu.endian" value="little"/>
    <property name="java.vm.specification.vendor" value="Oracle Corporation"/>
    <property name="java.specification.version" value="1.7"/>
    <property name="user.script" value=""/>
    <property name="awt.toolkit" value="sun.awt.windows.WToolkit"/>
    <property name="sun.java.command" value="C:\Users\Pablo\AppData\Local\Temp\surefire5081606716244158042\surefirebooter7191356868385775681.jar C:\Users\Pablo\AppData\Local\Temp\surefire5081606716244158042 2019-01-08T19-47-41_304-jvmRun1 surefire8409196673837027989tmp surefire_03788243872910469318tmp"/>
    <property name="user.timezone" value="America/Bogota"/>
    <property name="surefire.test.class.path" value="C:\Users\Pablo\workspace\ProyectoSimpleMaven\target\test-classes;C:\Users\Pablo\workspace\ProyectoSimpleMaven\target\classes;C:\Users\Pablo\.m2\repository\junit\junit\4.11\junit-4.11.jar;C:\Users\Pablo\.m2\repository\org\hamcrest\hamcrest-core\1.3\hamcrest-core-1.3.jar;"/>
    <property name="java.runtime.version" value="1.7.0_21-b11"/>
    <property name="java.vendor" value="Oracle Corporation"/>
    <property name="sun.management.compiler" value="HotSpot Client Compiler"/>
    <property name="sun.arch.data.model" value="32"/>
    <property name="os.arch" value="x86"/>
    <property name="sun.io.unicode.encoding" value="UnicodeLittle"/>
    <property name="java.awt.printerjob" value="sun.awt.windows.WPrinterJob"/>
    <property name="path.separator" value=";"/>
    <property name="java.runtime.name" value="Java(TM) SE Runtime Environment"/>
    <property name="java.vendor.url" value="http://java.oracle.com/"/>
    <property name="sun.boot.class.path" value="C:\Program Files (x86)\Java\jdk1.7.0_21\jre\lib\resources.jar;C:\Program Files (x86)\Java\jdk1.7.0_21\jre\lib\rt.jar;C:\Program Files (x86)\Java\jdk1.7.0_21\jre\lib\sunrsasign.jar;C:\Program Files (x86)\Java\jdk1.7.0_21\jre\lib\jsse.jar;C:\Program Files (x86)\Java\jdk1.7.0_21\jre\lib\jce.jar;C:\Program Files (x86)\Java\jdk1.7.0_21\jre\lib\charsets.jar;C:\Program Files (x86)\Java\jdk1.7.0_21\jre\lib\jfr.jar;C:\Program Files (x86)\Java\jdk1.7.0_21\jre\classes"/>
    <property name="surefire.real.class.path" value="C:\Users\Pablo\AppData\Local\Temp\surefire5081606716244158042\surefirebooter7191356868385775681.jar"/>
    <property name="java.endorsed.dirs" value="C:\Program Files (x86)\Java\jdk1.7.0_21\jre\lib\endorsed"/>
    <property name="sun.desktop" value="windows"/>
    <property name="java.vm.version" value="23.21-b01"/>
    <property name="os.name" value="Windows 8"/>
    <property name="java.vm.specification.version" value="1.7"/>
    <property name="sun.cpu.isalist" value="pentium_pro+mmx pentium_pro pentium+mmx pentium i486 i386 i86"/>
    <property name="java.version" value="1.7.0_21"/>
    <property name="java.vm.specification.name" value="Java Virtual Machine Specification"/>
    <property name="java.ext.dirs" value="C:\Program Files (x86)\Java\jdk1.7.0_21\jre\lib\ext;C:\WINDOWS\Sun\Java\lib\ext"/>
    <property name="os.version" value="6.2"/>
    <property name="basedir" value="C:\Users\Pablo\workspace\ProyectoSimpleMaven"/>
    <property name="java.library.path" value="C:\Program Files (x86)\Java\jdk1.7.0_21\jre\bin;C:\WINDOWS\Sun\Java\bin;C:\WINDOWS\system32;C:\WINDOWS;C:/Program Files (x86)/Java/jre1.8.0_45/bin/client;C:/Program Files (x86)/Java/jre1.8.0_45/bin;C:/Program Files (x86)/Java/jre1.8.0_45/lib/i386;C:\ProgramData\DockerDesktop\version-bin;C:\Program Files\Docker\Docker\Resources\bin;C:\Program Files (x86)\Microsoft SDKs\Azure\CLI2\wbin;C:\ProgramData\Oracle\Java\javapath;C:\xampp\php\;C:\Program Files (x86)\Intel\iCLS Client\;C:\Program Files\Intel\iCLS Client\;C:\Windows\system32;C:\Windows;C:\Windows\System32\Wbem;C:\Windows\System32\WindowsPowerShell\v1.0\;C:\Program Files\Intel\Intel(R) Management Engine Components\DAL;C:\Program Files\Intel\Intel(R) Management Engine Components\IPT;C:\Program Files (x86)\Intel\Intel(R) Management Engine Components\DAL;C:\Program Files (x86)\Intel\Intel(R) Management Engine Components\IPT;C:\Program Files\Intel\WiFi\bin\;C:\Program Files\Common Files\Intel\WirelessCommon\;C:\Program Files (x86)\Intel\OpenCL SDK\2.0\bin\x86;C:\Program Files (x86)\Intel\OpenCL SDK\2.0\bin\x64;C:\Program Files (x86)\Java\jre1.8.0_45\bin;C:\Program Files (x86)\Microsoft ASP.NET\ASP.NET Web Pages\v1.0\;C:\Program Files\Microsoft SQL Server\110\Tools\Binn\;C:\Program Files (x86)\MiKTeX 2.9\miktex\bin\;C:\Program Files (x86)\Heroku\bin;C:\Program Files (x86)\git\cmd;C:\MinGW\bin;C:\WINDOWS\system32;C:\WINDOWS;C:\WINDOWS\System32\Wbem;C:\WINDOWS\System32\WindowsPowerShell\v1.0\;C:\Program Files\Microsoft\Web Platform Installer\;C:\Program Files\Microsoft SQL Server\120\DTS\Binn\;C:\Program Files\Microsoft SQL Server\Client SDK\ODBC\110\Tools\Binn\;C:\Program Files (x86)\Microsoft SQL Server\120\Tools\Binn\;C:\Program Files\Microsoft SQL Server\120\Tools\Binn\;C:\Program Files (x86)\Microsoft SQL Server\120\Tools\Binn\ManagementStudio\;C:\Program Files (x86)\Microsoft SQL Server\120\DTS\Binn\;C:\WINDOWS\system32\config\systemprofile\.dnx\bin;C:\Program Files\Microsoft DNX\Dnvm\;C:\Program Files\Microsoft SQL Server\130\Tools\Binn\;C:\ProgramData\ComposerSetup\bin;C:\Program Files\dotnet\;C:\Program Files (x86)\apache-maven-3.5.2-bin\bin;C:\Program Files (x86)\Skype\Phone\;C:\WINDOWS\System32\OpenSSH\;C:\Program Files (x86)\kubectl.exe;C:\Program Files\Git\cmd;C:\Users\Pablo\AppData\Local\Programs\Python\Python36\Scripts\;C:\Users\Pablo\AppData\Local\Programs\Python\Python36\;C:\Ruby21-x64\bin;C:\Program Files\Intel\WiFi\bin\;C:\xampp\php;C:\Users\Pablo\AppData\Local\Microsoft\WindowsApps;C:\Program Files (x86)\Google\google_appengine\;C:\Users\Pablo\AppData\Roaming\Composer\vendor\bin;C:\Program Files\Heroku\bin;C:\kube;;C:\Users\Pablo\Documents\eclipse-jee-kepler-SR2-win32\eclipse;;."/>
    <property name="java.awt.graphicsenv" value="sun.awt.Win32GraphicsEnvironment"/>
    <property name="java.vm.name" value="Java HotSpot(TM) Client VM"/>
    <property name="user.country" value="EC"/>
  </properties>
  <testcase name="shouldAnswerWithTrue" classname="com.utn.eclipse.maven.ProyectoSimpleMaven.AppTest" time="0"/>
</testsuite>